0 info it worked if it ends with ok
1 verbose cli [ 'C:\\Program Files\\nodejs\\\\node.exe',
1 verbose cli   'C:\\Program Files\\nodejs\\node_modules\\npm\\bin\\npm-cli.js',
1 verbose cli   'install',
1 verbose cli   'node-sqlserver' ]
2 info using npm@1.1.65
3 info using node@v0.8.14
4 verbose node symlink C:\Program Files\nodejs\\node.exe
5 verbose read json D:\Projects\GMFleet\package.json
6 warn package.json GMFleet@0.0.0 No README.md file found!
7 verbose from cache D:\Projects\GMFleet\package.json
8 verbose readDependencies using package.json deps
9 verbose cache add [ 'node-sqlserver', null ]
10 silly cache add name=undefined spec="node-sqlserver" args=["node-sqlserver",null]
11 verbose parsed url { pathname: 'node-sqlserver',
11 verbose parsed url   path: 'node-sqlserver',
11 verbose parsed url   href: 'node-sqlserver' }
12 silly lockFile 9b255fbc-node-sqlserver node-sqlserver
13 verbose lock node-sqlserver C:\Users\Lacutis\AppData\Roaming\npm-cache\9b255fbc-node-sqlserver.lock
14 silly lockFile 9b255fbc-node-sqlserver node-sqlserver
15 verbose addNamed [ 'node-sqlserver', '' ]
16 verbose addNamed [ null, '' ]
17 silly lockFile db3e0515-node-sqlserver node-sqlserver@
18 verbose lock node-sqlserver@ C:\Users\Lacutis\AppData\Roaming\npm-cache\db3e0515-node-sqlserver.lock
19 silly addNameRange { name: 'node-sqlserver', range: '', hasData: false }
20 verbose url raw node-sqlserver
21 verbose url resolving [ 'https://registry.npmjs.org/', './node-sqlserver' ]
22 verbose url resolved https://registry.npmjs.org/node-sqlserver
23 info trying registry request attempt 1 at 21:45:52
24 http GET https://registry.npmjs.org/node-sqlserver
25 http 200 https://registry.npmjs.org/node-sqlserver
26 silly registry.get cb [ 200,
26 silly registry.get   { vary: 'Accept',
26 silly registry.get     server: 'CouchDB/1.2.0 (Erlang OTP/R15B)',
26 silly registry.get     etag: '"39N0EDRA7CWIX1DG0SUMPY6H5"',
26 silly registry.get     date: 'Sun, 06 Jan 2013 04:44:43 GMT',
26 silly registry.get     'content-type': 'application/json',
26 silly registry.get     'content-length': '4448' } ]
27 silly addNameRange number 2 { name: 'node-sqlserver', range: '', hasData: true }
28 silly addNameRange versions [ 'node-sqlserver', [ '0.1.0' ] ]
29 verbose addNamed [ 'node-sqlserver', '0.1.0' ]
30 verbose addNamed [ '0.1.0', '0.1.0' ]
31 silly lockFile d881fc0a-node-sqlserver-0-1-0 node-sqlserver@0.1.0
32 verbose lock node-sqlserver@0.1.0 C:\Users\Lacutis\AppData\Roaming\npm-cache\d881fc0a-node-sqlserver-0-1-0.lock
33 warn deprecated node-sqlserver@0.1.0: This package has been superseded by msnodesql.
34 silly lockFile 74115806-lserver-node-sqlserver-0-1-0-tgz https://registry.npmjs.org/node-sqlserver/-/node-sqlserver-0.1.0.tgz
35 verbose lock https://registry.npmjs.org/node-sqlserver/-/node-sqlserver-0.1.0.tgz C:\Users\Lacutis\AppData\Roaming\npm-cache\74115806-lserver-node-sqlserver-0-1-0-tgz.lock
36 verbose addRemoteTarball [ 'https://registry.npmjs.org/node-sqlserver/-/node-sqlserver-0.1.0.tgz',
36 verbose addRemoteTarball   '8b6ef6375ca20ca322f9e259bb870747a2cb8e6f' ]
37 info retry fetch attempt 1 at 21:45:55
38 verbose fetch to= C:\Users\Lacutis\AppData\Local\Temp\npm-12128\1357447555643-0.6175369122065604\tmp.tgz
39 http GET https://registry.npmjs.org/node-sqlserver/-/node-sqlserver-0.1.0.tgz
40 http 200 https://registry.npmjs.org/node-sqlserver/-/node-sqlserver-0.1.0.tgz
41 silly shasum updated bytes 15403
42 info shasum 8b6ef6375ca20ca322f9e259bb870747a2cb8e6f
42 info shasum C:\Users\Lacutis\AppData\Local\Temp\npm-12128\1357447555643-0.6175369122065604\tmp.tgz
43 verbose tar unpack C:\Users\Lacutis\AppData\Local\Temp\npm-12128\1357447555643-0.6175369122065604\tmp.tgz
44 silly lockFile d6504cdc-55643-0-6175369122065604-package C:\Users\Lacutis\AppData\Local\Temp\npm-12128\1357447555643-0.6175369122065604\package
45 verbose lock C:\Users\Lacutis\AppData\Local\Temp\npm-12128\1357447555643-0.6175369122065604\package C:\Users\Lacutis\AppData\Roaming\npm-cache\d6504cdc-55643-0-6175369122065604-package.lock
46 silly gunzTarPerm modes [ '755', '644' ]
47 silly gunzTarPerm extractEntry package.json
48 silly gunzTarPerm extractEntry .npmignore
49 silly gunzTarPerm extractEntry README.md
50 silly gunzTarPerm extractEntry LICENSE
51 silly gunzTarPerm extractEntry binding.gyp
52 silly gunzTarPerm extractEntry lib/sql.js
53 silly gunzTarPerm extractEntry src/OdbcOperation.cpp
54 silly gunzTarPerm extractEntry src/Column.h
55 silly gunzTarPerm extractEntry src/Connection.h
56 silly gunzTarPerm extractEntry src/OdbcConnection.cpp
57 silly gunzTarPerm extractEntry src/OdbcConnection.h
58 silly gunzTarPerm extractEntry src/OdbcConnectionBridge.h
59 silly gunzTarPerm extractEntry src/OdbcException.cpp
60 silly gunzTarPerm extractEntry src/OdbcException.h
61 silly gunzTarPerm extractEntry src/OdbcHandle.h
62 silly gunzTarPerm extractEntry src/Connection.cpp
63 silly gunzTarPerm extractEntry src/OdbcOperation.h
64 silly gunzTarPerm extractEntry src/Operation.h
65 silly gunzTarPerm extractEntry src/ResultSet.cpp
66 silly gunzTarPerm extractEntry src/ResultSet.h
67 silly gunzTarPerm extractEntry src/stdafx.cpp
68 silly gunzTarPerm extractEntry src/stdafx.h
69 silly gunzTarPerm extractEntry src/Utility.cpp
70 silly gunzTarPerm extractEntry src/Utility.h
71 silly gunzTarPerm extractEntry test/connect.js
72 silly gunzTarPerm extractEntry test/query.js
73 silly gunzTarPerm extractEntry test/runtests.js
74 silly gunzTarPerm extractEntry test/test-config.js
75 silly gunzTarPerm extractEntry test/txn.js
76 silly gunzTarPerm extractEntry test/testlist.txt
77 verbose read json C:\Users\Lacutis\AppData\Local\Temp\npm-12128\1357447555643-0.6175369122065604\package\package.json
78 silly lockFile d6504cdc-55643-0-6175369122065604-package C:\Users\Lacutis\AppData\Local\Temp\npm-12128\1357447555643-0.6175369122065604\package
79 verbose from cache C:\Users\Lacutis\AppData\Local\Temp\npm-12128\1357447555643-0.6175369122065604\package\package.json
80 verbose tar pack [ 'C:\\Users\\Lacutis\\AppData\\Roaming\\npm-cache\\node-sqlserver\\0.1.0\\package.tgz',
80 verbose tar pack   'C:\\Users\\Lacutis\\AppData\\Local\\Temp\\npm-12128\\1357447555643-0.6175369122065604\\package' ]
81 verbose tarball C:\Users\Lacutis\AppData\Roaming\npm-cache\node-sqlserver\0.1.0\package.tgz
82 verbose folder C:\Users\Lacutis\AppData\Local\Temp\npm-12128\1357447555643-0.6175369122065604\package
83 silly lockFile 2001adfe-node-sqlserver-0-1-0-package-tgz C:\Users\Lacutis\AppData\Roaming\npm-cache\node-sqlserver\0.1.0\package.tgz
84 verbose lock C:\Users\Lacutis\AppData\Roaming\npm-cache\node-sqlserver\0.1.0\package.tgz C:\Users\Lacutis\AppData\Roaming\npm-cache\2001adfe-node-sqlserver-0-1-0-package-tgz.lock
85 silly lockFile 2001adfe-node-sqlserver-0-1-0-package-tgz C:\Users\Lacutis\AppData\Roaming\npm-cache\node-sqlserver\0.1.0\package.tgz
86 silly lockFile c1ecd683-che-node-sqlserver-0-1-0-package C:\Users\Lacutis\AppData\Roaming\npm-cache\node-sqlserver\0.1.0\package
87 verbose lock C:\Users\Lacutis\AppData\Roaming\npm-cache\node-sqlserver\0.1.0\package C:\Users\Lacutis\AppData\Roaming\npm-cache\c1ecd683-che-node-sqlserver-0-1-0-package.lock
88 silly lockFile c1ecd683-che-node-sqlserver-0-1-0-package C:\Users\Lacutis\AppData\Roaming\npm-cache\node-sqlserver\0.1.0\package
89 verbose tar unpack C:\Users\Lacutis\AppData\Roaming\npm-cache\node-sqlserver\0.1.0\package.tgz
90 silly lockFile c1ecd683-che-node-sqlserver-0-1-0-package C:\Users\Lacutis\AppData\Roaming\npm-cache\node-sqlserver\0.1.0\package
91 verbose lock C:\Users\Lacutis\AppData\Roaming\npm-cache\node-sqlserver\0.1.0\package C:\Users\Lacutis\AppData\Roaming\npm-cache\c1ecd683-che-node-sqlserver-0-1-0-package.lock
92 silly gunzTarPerm modes [ '755', '644' ]
93 silly gunzTarPerm extractEntry package.json
94 silly gunzTarPerm modified mode [ 'package.json', 438, 420 ]
95 silly gunzTarPerm extractEntry .npmignore
96 silly gunzTarPerm modified mode [ '.npmignore', 438, 420 ]
97 silly gunzTarPerm extractEntry README.md
98 silly gunzTarPerm modified mode [ 'README.md', 438, 420 ]
99 silly gunzTarPerm extractEntry LICENSE
100 silly gunzTarPerm modified mode [ 'LICENSE', 438, 420 ]
101 silly gunzTarPerm extractEntry binding.gyp
102 silly gunzTarPerm modified mode [ 'binding.gyp', 438, 420 ]
103 silly gunzTarPerm extractEntry lib/sql.js
104 silly gunzTarPerm modified mode [ 'lib/sql.js', 438, 420 ]
105 silly gunzTarPerm extractEntry src/OdbcOperation.cpp
106 silly gunzTarPerm modified mode [ 'src/OdbcOperation.cpp', 438, 420 ]
107 silly gunzTarPerm extractEntry src/Column.h
108 silly gunzTarPerm modified mode [ 'src/Column.h', 438, 420 ]
109 silly gunzTarPerm extractEntry src/Connection.h
110 silly gunzTarPerm modified mode [ 'src/Connection.h', 438, 420 ]
111 silly gunzTarPerm extractEntry src/OdbcConnection.cpp
112 silly gunzTarPerm modified mode [ 'src/OdbcConnection.cpp', 438, 420 ]
113 silly gunzTarPerm extractEntry src/OdbcConnection.h
114 silly gunzTarPerm modified mode [ 'src/OdbcConnection.h', 438, 420 ]
115 silly gunzTarPerm extractEntry src/OdbcConnectionBridge.h
116 silly gunzTarPerm modified mode [ 'src/OdbcConnectionBridge.h', 438, 420 ]
117 silly gunzTarPerm extractEntry src/OdbcException.cpp
118 silly gunzTarPerm modified mode [ 'src/OdbcException.cpp', 438, 420 ]
119 silly gunzTarPerm extractEntry src/OdbcException.h
120 silly gunzTarPerm modified mode [ 'src/OdbcException.h', 438, 420 ]
121 silly gunzTarPerm extractEntry src/OdbcHandle.h
122 silly gunzTarPerm modified mode [ 'src/OdbcHandle.h', 438, 420 ]
123 silly gunzTarPerm extractEntry src/Connection.cpp
124 silly gunzTarPerm modified mode [ 'src/Connection.cpp', 438, 420 ]
125 silly gunzTarPerm extractEntry src/OdbcOperation.h
126 silly gunzTarPerm modified mode [ 'src/OdbcOperation.h', 438, 420 ]
127 silly gunzTarPerm extractEntry src/Operation.h
128 silly gunzTarPerm modified mode [ 'src/Operation.h', 438, 420 ]
129 silly gunzTarPerm extractEntry src/ResultSet.cpp
130 silly gunzTarPerm modified mode [ 'src/ResultSet.cpp', 438, 420 ]
131 silly gunzTarPerm extractEntry src/ResultSet.h
132 silly gunzTarPerm modified mode [ 'src/ResultSet.h', 438, 420 ]
133 silly gunzTarPerm extractEntry src/stdafx.cpp
134 silly gunzTarPerm modified mode [ 'src/stdafx.cpp', 438, 420 ]
135 silly gunzTarPerm extractEntry src/stdafx.h
136 silly gunzTarPerm modified mode [ 'src/stdafx.h', 438, 420 ]
137 silly gunzTarPerm extractEntry src/Utility.cpp
138 silly gunzTarPerm modified mode [ 'src/Utility.cpp', 438, 420 ]
139 silly gunzTarPerm extractEntry src/Utility.h
140 silly gunzTarPerm modified mode [ 'src/Utility.h', 438, 420 ]
141 silly gunzTarPerm extractEntry test/connect.js
142 silly gunzTarPerm modified mode [ 'test/connect.js', 438, 420 ]
143 silly gunzTarPerm extractEntry test/query.js
144 silly gunzTarPerm modified mode [ 'test/query.js', 438, 420 ]
145 silly gunzTarPerm extractEntry test/runtests.js
146 silly gunzTarPerm modified mode [ 'test/runtests.js', 438, 420 ]
147 silly gunzTarPerm extractEntry test/test-config.js
148 silly gunzTarPerm modified mode [ 'test/test-config.js', 438, 420 ]
149 silly gunzTarPerm extractEntry test/txn.js
150 silly gunzTarPerm modified mode [ 'test/txn.js', 438, 420 ]
151 silly gunzTarPerm extractEntry test/testlist.txt
152 silly gunzTarPerm modified mode [ 'test/testlist.txt', 438, 420 ]
153 verbose read json C:\Users\Lacutis\AppData\Roaming\npm-cache\node-sqlserver\0.1.0\package\package.json
154 silly lockFile c1ecd683-che-node-sqlserver-0-1-0-package C:\Users\Lacutis\AppData\Roaming\npm-cache\node-sqlserver\0.1.0\package
155 silly shasum updated bytes 15404
156 info shasum 9525603da477abeb448e8ecbabbcb4c493b18fc9
156 info shasum C:\Users\Lacutis\AppData\Roaming\npm-cache\node-sqlserver\0.1.0\package.tgz
157 verbose from cache C:\Users\Lacutis\AppData\Roaming\npm-cache\node-sqlserver\0.1.0\package\package.json
158 verbose chmod C:\Users\Lacutis\AppData\Roaming\npm-cache\node-sqlserver\0.1.0\package.tgz 644
159 silly chown skipping for windows C:\Users\Lacutis\AppData\Roaming\npm-cache\node-sqlserver\0.1.0\package.tgz
160 silly lockFile 74115806-lserver-node-sqlserver-0-1-0-tgz https://registry.npmjs.org/node-sqlserver/-/node-sqlserver-0.1.0.tgz
161 silly lockFile d881fc0a-node-sqlserver-0-1-0 node-sqlserver@0.1.0
162 silly lockFile db3e0515-node-sqlserver node-sqlserver@
163 silly resolved [ { name: 'node-sqlserver',
163 silly resolved     description: 'Microsoft Driver for Node.js for SQL Server',
163 silly resolved     author: { name: 'Microsoft Corp.' },
163 silly resolved     contributors: [ [Object], [Object], [Object], [Object], [Object] ],
163 silly resolved     version: '0.1.0',
163 silly resolved     keywords: [ 'sql', 'database', 'mssql', 'azure', 'sqlserver', 'tds' ],
163 silly resolved     homepage: 'https://github.com/WindowsAzure/node-sqlserver',
163 silly resolved     bugs: 'https://github.com/WindowsAzure/node-sqlserver/issues',
163 silly resolved     licenses: [ [Object] ],
163 silly resolved     main: './lib/sql.js',
163 silly resolved     repository:
163 silly resolved      { type: 'git',
163 silly resolved        url: 'git://github.com/WindowsAzure/node-sqlserver.git' },
163 silly resolved     engines: { node: '0.6' },
163 silly resolved     devDependencies: { mocha: '0.14.x', async: '0.1.x' },
163 silly resolved     scripts: { install: 'node-gyp rebuild' },
163 silly resolved     gypfile: true,
163 silly resolved     readme: '# Microsoft Driver for Node.js for SQL Server\r\n\r\nThe Microsoft Driver for Node.js for SQL Server allows Node.js applications on\r\nMicrosoft Windows and Microsoft Windows Azure to access Microsoft SQL Server \r\nand Microsoft Windows Azure SQL Database.\r\n\r\nThis is an initial preview release, and is not production ready. We welcome any\r\nfeedback, fixes and contributions from the community at this very early stage.\r\n\r\n## Prerequisites\r\n\r\nThe following prerequisites are necessary prior to using the driver:\r\n\r\n* Node.js - use the latest version if possible, but it has been tested on node\r\n0.6.10 and later\r\n\r\n* node-gyp - latest version installed globally (npm install -g node-gyp)\r\n\r\n* python 2.7.x - for node-gyp (make sure it is in the path)\r\n\r\n* Visual C++ 2010 - the Express edition is freely available from \r\n[Microsoft][visualstudio]\r\n\r\n* SQL Server Native Client 11.0 - available as Microsoft SQL Server 2012 \r\nNative Client found in the [SQL Server 2012 Feature Pack][sqlncli]\r\n\r\n## Build\r\n\r\nTo build the driver, first node-gyp must configure the appropriate build files.\r\n\r\n    node-gyp configure\r\n\r\nUse node-gyp to build the driver:\r\n\r\n    node-gyp build\r\n\r\nOr to build the debug version:\r\n\r\n    node-gyp build --debug\r\n\r\nThen copy the sqlserver.node file from the build\\\\(Release|Debug) directory to\r\nthe lib directory.  If you would like to use Visual C++ to debug the driver,\r\nalso copy the sqlserver.pdb file from the same directory.\r\n\r\n## Test\r\n\r\nIncluded are a few unit tests.  They require mocha, async, and assert to be \r\ninstalled via npm.  Also, set the variables in test-config.js, then run the \r\ntests as follows:\r\n\r\n    cd test\r\n    node runtests.js\r\n\r\n## Known Issues\r\n\r\nWe are aware that many features are still not implemented, and are working to\r\nupdate these. Please visit the [project on Github][project] to view \r\noutstanding [issues][issues].\r\n\r\n## Usage\r\n\r\nFor now, please see the unit tests for usage examples.\r\n\r\n## License\r\n\r\nThe Microsoft Driver for Node.js for SQL Server is licensed under the Apache\r\n2.0 license.  See the LICENSE file for more details.\r\n\r\n[visualstudio]: http://www.microsoft.com/visualstudio/\r\n\r\n[sqlncli]: http://www.microsoft.com/en-us/download/details.aspx?id=29065\r\n\r\n[project]: https://github.com/windowsazure/node-sqlserver\r\n\r\n[issues]: https://github.com/windowsazure/node-sqlserver/issues\r\n\r\n\r\n\r\n',
163 silly resolved     readmeFilename: 'README.md',
163 silly resolved     _id: 'node-sqlserver@0.1.0',
163 silly resolved     dist: { shasum: '9525603da477abeb448e8ecbabbcb4c493b18fc9' },
163 silly resolved     deprecated: 'This package has been superseded by msnodesql.',
163 silly resolved     _from: 'node-sqlserver' } ]
164 info install node-sqlserver@0.1.0 into D:\Projects\GMFleet
165 info installOne node-sqlserver@0.1.0
166 warn engine node-sqlserver@0.1.0: wanted: {"node":"0.6"} (current: {"node":"v0.8.14","npm":"1.1.65"})
167 verbose from cache C:\Users\Lacutis\AppData\Roaming\npm-cache\node-sqlserver\0.1.0\package\package.json
168 info D:\Projects\GMFleet\node_modules\node-sqlserver unbuild
169 verbose read json D:\Projects\GMFleet\node_modules\node-sqlserver\package.json
170 verbose tar unpack C:\Users\Lacutis\AppData\Roaming\npm-cache\node-sqlserver\0.1.0\package.tgz
171 silly lockFile a0771e5a-leet-node-modules-node-sqlserver D:\Projects\GMFleet\node_modules\node-sqlserver
172 verbose lock D:\Projects\GMFleet\node_modules\node-sqlserver C:\Users\Lacutis\AppData\Roaming\npm-cache\a0771e5a-leet-node-modules-node-sqlserver.lock
173 silly gunzTarPerm modes [ '755', '644' ]
174 silly gunzTarPerm extractEntry package.json
175 silly gunzTarPerm modified mode [ 'package.json', 438, 420 ]
176 silly gunzTarPerm extractEntry .npmignore
177 silly gunzTarPerm modified mode [ '.npmignore', 438, 420 ]
178 silly gunzTarPerm extractEntry README.md
179 silly gunzTarPerm modified mode [ 'README.md', 438, 420 ]
180 silly gunzTarPerm extractEntry LICENSE
181 silly gunzTarPerm modified mode [ 'LICENSE', 438, 420 ]
182 silly gunzTarPerm extractEntry binding.gyp
183 silly gunzTarPerm modified mode [ 'binding.gyp', 438, 420 ]
184 silly gunzTarPerm extractEntry lib/sql.js
185 silly gunzTarPerm modified mode [ 'lib/sql.js', 438, 420 ]
186 silly gunzTarPerm extractEntry src/OdbcOperation.cpp
187 silly gunzTarPerm modified mode [ 'src/OdbcOperation.cpp', 438, 420 ]
188 silly gunzTarPerm extractEntry src/Column.h
189 silly gunzTarPerm modified mode [ 'src/Column.h', 438, 420 ]
190 silly gunzTarPerm extractEntry src/Connection.h
191 silly gunzTarPerm modified mode [ 'src/Connection.h', 438, 420 ]
192 silly gunzTarPerm extractEntry src/OdbcConnection.cpp
193 silly gunzTarPerm modified mode [ 'src/OdbcConnection.cpp', 438, 420 ]
194 silly gunzTarPerm extractEntry src/OdbcConnection.h
195 silly gunzTarPerm modified mode [ 'src/OdbcConnection.h', 438, 420 ]
196 silly gunzTarPerm extractEntry src/OdbcConnectionBridge.h
197 silly gunzTarPerm modified mode [ 'src/OdbcConnectionBridge.h', 438, 420 ]
198 silly gunzTarPerm extractEntry src/OdbcException.cpp
199 silly gunzTarPerm modified mode [ 'src/OdbcException.cpp', 438, 420 ]
200 silly gunzTarPerm extractEntry src/OdbcException.h
201 silly gunzTarPerm modified mode [ 'src/OdbcException.h', 438, 420 ]
202 silly gunzTarPerm extractEntry src/OdbcHandle.h
203 silly gunzTarPerm modified mode [ 'src/OdbcHandle.h', 438, 420 ]
204 silly gunzTarPerm extractEntry src/Connection.cpp
205 silly gunzTarPerm modified mode [ 'src/Connection.cpp', 438, 420 ]
206 silly gunzTarPerm extractEntry src/OdbcOperation.h
207 silly gunzTarPerm modified mode [ 'src/OdbcOperation.h', 438, 420 ]
208 silly gunzTarPerm extractEntry src/Operation.h
209 silly gunzTarPerm modified mode [ 'src/Operation.h', 438, 420 ]
210 silly gunzTarPerm extractEntry src/ResultSet.cpp
211 silly gunzTarPerm modified mode [ 'src/ResultSet.cpp', 438, 420 ]
212 silly gunzTarPerm extractEntry src/ResultSet.h
213 silly gunzTarPerm modified mode [ 'src/ResultSet.h', 438, 420 ]
214 silly gunzTarPerm extractEntry src/stdafx.cpp
215 silly gunzTarPerm modified mode [ 'src/stdafx.cpp', 438, 420 ]
216 silly gunzTarPerm extractEntry src/stdafx.h
217 silly gunzTarPerm modified mode [ 'src/stdafx.h', 438, 420 ]
218 silly gunzTarPerm extractEntry src/Utility.cpp
219 silly gunzTarPerm modified mode [ 'src/Utility.cpp', 438, 420 ]
220 silly gunzTarPerm extractEntry src/Utility.h
221 silly gunzTarPerm modified mode [ 'src/Utility.h', 438, 420 ]
222 silly gunzTarPerm extractEntry test/connect.js
223 silly gunzTarPerm modified mode [ 'test/connect.js', 438, 420 ]
224 silly gunzTarPerm extractEntry test/query.js
225 silly gunzTarPerm modified mode [ 'test/query.js', 438, 420 ]
226 silly gunzTarPerm extractEntry test/runtests.js
227 silly gunzTarPerm modified mode [ 'test/runtests.js', 438, 420 ]
228 silly gunzTarPerm extractEntry test/test-config.js
229 silly gunzTarPerm modified mode [ 'test/test-config.js', 438, 420 ]
230 silly gunzTarPerm extractEntry test/txn.js
231 silly gunzTarPerm modified mode [ 'test/txn.js', 438, 420 ]
232 silly gunzTarPerm extractEntry test/testlist.txt
233 silly gunzTarPerm modified mode [ 'test/testlist.txt', 438, 420 ]
234 verbose read json D:\Projects\GMFleet\node_modules\node-sqlserver\package.json
235 silly lockFile a0771e5a-leet-node-modules-node-sqlserver D:\Projects\GMFleet\node_modules\node-sqlserver
236 info preinstall node-sqlserver@0.1.0
237 verbose from cache D:\Projects\GMFleet\node_modules\node-sqlserver\package.json
238 verbose readDependencies using package.json deps
239 verbose from cache D:\Projects\GMFleet\node_modules\node-sqlserver\package.json
240 verbose readDependencies using package.json deps
241 silly resolved []
242 verbose about to build D:\Projects\GMFleet\node_modules\node-sqlserver
243 info build D:\Projects\GMFleet\node_modules\node-sqlserver
244 verbose from cache D:\Projects\GMFleet\node_modules\node-sqlserver\package.json
245 verbose linkStuff [ false, false, false, 'D:\\Projects\\GMFleet\\node_modules' ]
246 info linkStuff node-sqlserver@0.1.0
247 verbose linkBins node-sqlserver@0.1.0
248 verbose linkMans node-sqlserver@0.1.0
249 verbose rebuildBundles node-sqlserver@0.1.0
250 info install node-sqlserver@0.1.0
251 verbose unsafe-perm in lifecycle true
252 silly exec cmd "/c" "node-gyp rebuild"
253 silly cmd,/c,node-gyp rebuild,D:\Projects\GMFleet\node_modules\node-sqlserver spawning
254 info node-sqlserver@0.1.0 Failed to exec install script
255 info D:\Projects\GMFleet\node_modules\node-sqlserver unbuild
256 verbose from cache D:\Projects\GMFleet\node_modules\node-sqlserver\package.json
257 info preuninstall node-sqlserver@0.1.0
258 info uninstall node-sqlserver@0.1.0
259 verbose true,D:\Projects\GMFleet\node_modules,D:\Projects\GMFleet\node_modules unbuild node-sqlserver@0.1.0
260 info postuninstall node-sqlserver@0.1.0
261 error node-sqlserver@0.1.0 install: `node-gyp rebuild`
261 error `cmd "/c" "node-gyp rebuild"` failed with 1
262 error Failed at the node-sqlserver@0.1.0 install script.
262 error This is most likely a problem with the node-sqlserver package,
262 error not with npm itself.
262 error Tell the author that this fails on your system:
262 error     node-gyp rebuild
262 error You can get their info via:
262 error     npm owner ls node-sqlserver
262 error There is likely additional logging output above.
263 error System Windows_NT 6.1.7601
264 error command "C:\\Program Files\\nodejs\\\\node.exe" "C:\\Program Files\\nodejs\\node_modules\\npm\\bin\\npm-cli.js" "install" "node-sqlserver"
265 error cwd D:\Projects\GMFleet
266 error node -v v0.8.14
267 error npm -v 1.1.65
268 error code ELIFECYCLE
269 verbose exit [ 1, true ]
